build/app/intermediates/manifest_merge_blame_file/release/manifest-merger-blame-release-report.txt
1<?xml version="1.0" encoding="utf-8"?>
2<manifest xmlns:android="http://schemas.android.com/apk/res/android"
3    package="com.example.selendra_marketplace_app"
4    android:versionCode="4006"
5    android:versionName="2.6.18" >
6
7    <uses-sdk
8        android:minSdkVersion="24"
8-->src/main/AndroidManifest.xml
9        android:targetSdkVersion="29" />
9-->src/main/AndroidManifest.xml
10    <!--
11         io.flutter.app.FlutterApplication is an android.app.Application that
12         calls FlutterMain.startInitialization(this); in its onCreate method.
13         In most cases you can leave this as-is, but you if you want to provide
14         additional functionality it is fine to subclass or reimplement
15         FlutterApplication and put your custom class here.
16    -->
17    <uses-permission android:name="android.permission.INTERNET" />
17-->src/main/AndroidManifest.xml:8:5-66
17-->src/main/AndroidManifest.xml:8:22-64
18    <uses-permission android:name="android.permission.ACCESS_NETWORK_STATE" />
18-->src/main/AndroidManifest.xml:9:5-78
18-->src/main/AndroidManifest.xml:9:22-76
19    <uses-permission android:name="android.permission.ACCESS_FINE_LOCATION" />
19-->src/main/AndroidManifest.xml:10:5-79
19-->src/main/AndroidManifest.xml:10:22-76
20    <uses-permission android:name="android.permission.ACCESS_COARSE_LOCATION" />
20-->src/main/AndroidManifest.xml:11:5-81
20-->src/main/AndroidManifest.xml:11:22-78
21    <uses-permission android:name="android.permission.CAMERA" />
21-->src/main/AndroidManifest.xml:12:5-65
21-->src/main/AndroidManifest.xml:12:22-62
22    <uses-permission android:name="android.permission.READ_CONTACTS" />
22-->src/main/AndroidManifest.xml:13:5-72
22-->src/main/AndroidManifest.xml:13:22-69
23    <uses-permission android:name="android.permission.WRITE_CONTACTS" />
23-->src/main/AndroidManifest.xml:14:5-73
23-->src/main/AndroidManifest.xml:14:22-70
24    <!-- Don't require camera, as this requires a rear camera. This allows it to work on the Nexus 7 -->
25    <uses-feature
25-->[com.journeyapps:zxing-android-embedded:4.0.2] AndroidManifest.xml:25:5-27:36
26        android:name="android.hardware.camera"
26-->[com.journeyapps:zxing-android-embedded:4.0.2] AndroidManifest.xml:26:9-47
27        android:required="false" />
27-->[com.journeyapps:zxing-android-embedded:4.0.2] AndroidManifest.xml:27:9-33
28    <uses-feature
28-->[com.journeyapps:zxing-android-embedded:4.0.2] AndroidManifest.xml:28:5-30:36
29        android:name="android.hardware.camera.front"
29-->[com.journeyapps:zxing-android-embedded:4.0.2] AndroidManifest.xml:29:9-53
30        android:required="false" /> <!-- TODO replace above two with next line after Android 4.2 -->
30-->[com.journeyapps:zxing-android-embedded:4.0.2] AndroidManifest.xml:30:9-33
31    <!-- <uses-feature android:name="android.hardware.camera.any"/> -->
32    <uses-feature
32-->[com.journeyapps:zxing-android-embedded:4.0.2] AndroidManifest.xml:33:5-35:36
33        android:name="android.hardware.camera.autofocus"
33-->[com.journeyapps:zxing-android-embedded:4.0.2] AndroidManifest.xml:34:9-57
34        android:required="false" />
34-->[com.journeyapps:zxing-android-embedded:4.0.2] AndroidManifest.xml:35:9-33
35    <uses-feature
35-->[com.journeyapps:zxing-android-embedded:4.0.2] AndroidManifest.xml:36:5-38:36
36        android:name="android.hardware.camera.flash"
36-->[com.journeyapps:zxing-android-embedded:4.0.2] AndroidManifest.xml:37:9-53
37        android:required="false" />
37-->[com.journeyapps:zxing-android-embedded:4.0.2] AndroidManifest.xml:38:9-33
38    <uses-feature
38-->[com.journeyapps:zxing-android-embedded:4.0.2] AndroidManifest.xml:39:5-41:36
39        android:name="android.hardware.screen.landscape"
39-->[com.journeyapps:zxing-android-embedded:4.0.2] AndroidManifest.xml:40:9-57
40        android:required="false" />
40-->[com.journeyapps:zxing-android-embedded:4.0.2] AndroidManifest.xml:41:9-33
41    <uses-feature
41-->[com.journeyapps:zxing-android-embedded:4.0.2] AndroidManifest.xml:42:5-44:36
42        android:name="android.hardware.wifi"
42-->[com.journeyapps:zxing-android-embedded:4.0.2] AndroidManifest.xml:43:9-45
43        android:required="false" />
43-->[com.journeyapps:zxing-android-embedded:4.0.2] AndroidManifest.xml:44:9-33
44
45    <uses-permission android:name="android.permission.READ_EXTERNAL_STORAGE" />
45-->[:image_picker] AndroidManifest.xml:7:5-80
45-->[:image_picker] AndroidManifest.xml:7:22-77
46    <uses-permission android:name="android.permission.WRITE_EXTERNAL_STORAGE" />
46-->[:image_picker] AndroidManifest.xml:8:5-81
46-->[:image_picker] AndroidManifest.xml:8:22-78
47    <uses-permission android:name="com.google.android.finsky.permission.BIND_GET_INSTALL_REFERRER_SERVICE" />
47-->[com.android.installreferrer:installreferrer:1.0] AndroidManifest.xml:9:5-110
47-->[com.android.installreferrer:installreferrer:1.0] AndroidManifest.xml:9:22-107
48
49    <application
49-->src/main/AndroidManifest.xml:16:5-71:19
50        android:name="io.flutter.app.FlutterApplication"
50-->src/main/AndroidManifest.xml:17:9-57
51        android:appComponentFactory="androidx.core.app.CoreComponentFactory"
51-->[androidx.core:core:1.2.0] AndroidManifest.xml:24:18-86
52        android:icon="@mipmap/sld"
52-->src/main/AndroidManifest.xml:19:9-35
53        android:label="Selendra Marketplace"
53-->src/main/AndroidManifest.xml:18:9-45
54        android:supportsRtl="true" >
54-->[com.facebook.android:facebook-android-sdk:5.15.3] AndroidManifest.xml:28:18-44
55        <activity
55-->src/main/AndroidManifest.xml:20:9-48:20
56            android:name="com.example.selendra_marketplace_app.MainActivity"
56-->src/main/AndroidManifest.xml:21:13-41
57            android:configChanges="orientation|keyboardHidden|keyboard|screenSize|smallestScreenSize|locale|layoutDirection|fontScale|screenLayout|density|uiMode"
57-->src/main/AndroidManifest.xml:24:13-163
58            android:hardwareAccelerated="true"
58-->src/main/AndroidManifest.xml:25:13-47
59            android:launchMode="singleTop"
59-->src/main/AndroidManifest.xml:22:13-43
60            android:theme="@style/LaunchTheme"
60-->src/main/AndroidManifest.xml:23:13-47
61            android:windowSoftInputMode="adjustResize" >
61-->src/main/AndroidManifest.xml:26:13-55
62
63            <!--
64                 Specifies an Android theme to apply to this Activity as soon as
65                 the Android process has started. This theme is visible to the user
66                 while the Flutter UI initializes. After that, this theme continues
67                 to determine the Window background behind the Flutter UI.
68            -->
69            <meta-data
69-->src/main/AndroidManifest.xml:31:13-34:17
70                android:name="io.flutter.embedding.android.NormalTheme"
70-->src/main/AndroidManifest.xml:32:15-70
71                android:resource="@style/NormalTheme" />
71-->src/main/AndroidManifest.xml:33:15-52
72            <!--
73                 Displays an Android View that continues showing the launch screen
74                 Drawable until Flutter paints its first frame, then this splash
75                 screen fades out. A splash screen is useful to avoid any visual
76                 gap between the end of Android's launch screen and the painting of
77                 Flutter's first frame.
78            -->
79            <meta-data
79-->src/main/AndroidManifest.xml:40:13-43:17
80                android:name="io.flutter.embedding.android.SplashScreenDrawable"
80-->src/main/AndroidManifest.xml:41:15-79
81                android:resource="@drawable/launch_background" />
81-->src/main/AndroidManifest.xml:42:15-61
82
83            <intent-filter>
83-->src/main/AndroidManifest.xml:44:13-47:29
84                <action android:name="android.intent.action.MAIN" />
84-->src/main/AndroidManifest.xml:45:17-68
84-->src/main/AndroidManifest.xml:45:25-66
85
86                <category android:name="android.intent.category.LAUNCHER" />
86-->src/main/AndroidManifest.xml:46:17-76
86-->src/main/AndroidManifest.xml:46:27-74
87            </intent-filter>
88        </activity>
89        <!--
90             Don't delete the meta-data below.
91             This is used by the Flutter tool to generate GeneratedPluginRegistrant.java
92        -->
93        <meta-data
93-->src/main/AndroidManifest.xml:51:9-53:33
94            android:name="flutterEmbedding"
94-->src/main/AndroidManifest.xml:52:13-44
95            android:value="2" />
95-->src/main/AndroidManifest.xml:53:13-30
96        <meta-data
96-->src/main/AndroidManifest.xml:54:9-55:54
97            android:name="com.facebook.sdk.ApplicationId"
97-->src/main/AndroidManifest.xml:54:20-65
98            android:value="@string/facebook_app_id" />
98-->src/main/AndroidManifest.xml:55:13-52
99
100        <activity
100-->src/main/AndroidManifest.xml:57:9-60:48
101            android:name="com.facebook.FacebookActivity"
101-->src/main/AndroidManifest.xml:57:19-63
102            android:configChanges="keyboard|keyboardHidden|screenLayout|screenSize|orientation"
102-->src/main/AndroidManifest.xml:58:13-113
103            android:label="@string/app_name"
103-->src/main/AndroidManifest.xml:60:13-45
104            android:theme="@style/com_facebook_activity_theme" />
104-->[com.facebook.android:facebook-common:5.15.3] AndroidManifest.xml:33:13-63
105        <activity
105-->src/main/AndroidManifest.xml:61:9-70:20
106            android:name="com.facebook.CustomTabActivity"
106-->src/main/AndroidManifest.xml:62:13-58
107            android:exported="true" >
107-->src/main/AndroidManifest.xml:63:13-36
108            <intent-filter>
108-->src/main/AndroidManifest.xml:64:13-69:29
109                <action android:name="android.intent.action.VIEW" />
109-->src/main/AndroidManifest.xml:65:17-69
109-->src/main/AndroidManifest.xml:65:25-66
110
111                <category android:name="android.intent.category.DEFAULT" />
111-->src/main/AndroidManifest.xml:66:17-76
111-->src/main/AndroidManifest.xml:66:27-73
112                <category android:name="android.intent.category.BROWSABLE" />
112-->src/main/AndroidManifest.xml:67:17-78
112-->src/main/AndroidManifest.xml:67:27-75
113
114                <data android:scheme="@string/fb_login_protocol_scheme" />
114-->src/main/AndroidManifest.xml:68:17-75
114-->src/main/AndroidManifest.xml:68:23-72
115            </intent-filter>
116            <intent-filter>
116-->[com.facebook.android:facebook-common:5.15.3] AndroidManifest.xml:39:13-48:29
117                <action android:name="android.intent.action.VIEW" />
117-->src/main/AndroidManifest.xml:65:17-69
117-->src/main/AndroidManifest.xml:65:25-66
118
119                <category android:name="android.intent.category.DEFAULT" />
119-->src/main/AndroidManifest.xml:66:17-76
119-->src/main/AndroidManifest.xml:66:27-73
120                <category android:name="android.intent.category.BROWSABLE" />
120-->src/main/AndroidManifest.xml:67:17-78
120-->src/main/AndroidManifest.xml:67:27-75
121
122                <data
122-->src/main/AndroidManifest.xml:68:17-75
123                    android:host="cct.com.example.selendra_marketplace_app"
124                    android:scheme="fbconnect" />
124-->src/main/AndroidManifest.xml:68:23-72
125            </intent-filter>
126        </activity>
127
128        <provider
128-->[com.sangcomz:FishBun:0.11.2] AndroidManifest.xml:12:9-20:20
129            android:name="com.sangcomz.fishbun.FishBunFileProvider"
129-->[com.sangcomz:FishBun:0.11.2] AndroidManifest.xml:13:13-68
130            android:authorities="com.example.selendra_marketplace_app.fishbunfileprovider"
130-->[com.sangcomz:FishBun:0.11.2] AndroidManifest.xml:14:13-71
131            android:exported="false"
131-->[com.sangcomz:FishBun:0.11.2] AndroidManifest.xml:15:13-37
132            android:grantUriPermissions="true" >
132-->[com.sangcomz:FishBun:0.11.2] AndroidManifest.xml:16:13-47
133            <meta-data
133-->[com.sangcomz:FishBun:0.11.2] AndroidManifest.xml:17:13-19:58
134                android:name="android.support.FILE_PROVIDER_PATHS"
134-->[com.sangcomz:FishBun:0.11.2] AndroidManifest.xml:18:17-67
135                android:resource="@xml/provider_paths" />
135-->[com.sangcomz:FishBun:0.11.2] AndroidManifest.xml:19:17-55
136        </provider>
137
138        <activity
138-->[com.sangcomz:FishBun:0.11.2] AndroidManifest.xml:22:9-25:51
139            android:name="com.sangcomz.fishbun.ui.album.AlbumActivity"
139-->[com.sangcomz:FishBun:0.11.2] AndroidManifest.xml:23:13-71
140            android:label="@string/album"
140-->[com.sangcomz:FishBun:0.11.2] AndroidManifest.xml:24:13-42
141            android:theme="@style/FishBunTheme" />
141-->[com.sangcomz:FishBun:0.11.2] AndroidManifest.xml:25:13-48
142        <activity
142-->[com.sangcomz:FishBun:0.11.2] AndroidManifest.xml:26:9-28:51
143            android:name="com.sangcomz.fishbun.ui.picker.PickerActivity"
143-->[com.sangcomz:FishBun:0.11.2] AndroidManifest.xml:27:13-73
144            android:theme="@style/FishBunTheme" />
144-->[com.sangcomz:FishBun:0.11.2] AndroidManifest.xml:28:13-48
145        <activity
145-->[com.sangcomz:FishBun:0.11.2] AndroidManifest.xml:29:9-31:54
146            android:name="com.sangcomz.fishbun.ui.detail.DetailActivity"
146-->[com.sangcomz:FishBun:0.11.2] AndroidManifest.xml:30:13-73
147            android:theme="@style/DetailViewTheme" />
147-->[com.sangcomz:FishBun:0.11.2] AndroidManifest.xml:31:13-51
148
149        <service
149-->[:firebase_auth] AndroidManifest.xml:8:9-12:19
150            android:name="com.google.firebase.components.ComponentDiscoveryService"
150-->[:firebase_auth] AndroidManifest.xml:8:18-89
151            android:directBootAware="true"
151-->[com.google.firebase:firebase-common:19.3.0] AndroidManifest.xml:34:13-43
152            android:exported="false" >
152-->[com.google.firebase:firebase-auth:19.2.0] AndroidManifest.xml:35:13-37
153            <meta-data
153-->[:firebase_auth] AndroidManifest.xml:9:13-11:85
154                android:name="com.google.firebase.components:io.flutter.plugins.firebaseauth.FlutterFirebaseAppRegistrar"
154-->[:firebase_auth] AndroidManifest.xml:10:17-122
155                android:value="com.google.firebase.components.ComponentRegistrar" />
155-->[:firebase_auth] AndroidManifest.xml:11:17-82
156            <meta-data
156-->[com.google.firebase:firebase-auth:19.2.0] AndroidManifest.xml:36:13-38:85
157                android:name="com.google.firebase.components:com.google.firebase.auth.FirebaseAuthRegistrar"
157-->[com.google.firebase:firebase-auth:19.2.0] AndroidManifest.xml:37:17-109
158                android:value="com.google.firebase.components.ComponentRegistrar" />
158-->[com.google.firebase:firebase-auth:19.2.0] AndroidManifest.xml:38:17-82
159            <meta-data
159-->[:firebase_core] AndroidManifest.xml:9:13-11:85
160                android:name="com.google.firebase.components:io.flutter.plugins.firebase.core.FlutterFirebaseAppRegistrar"
160-->[:firebase_core] AndroidManifest.xml:10:17-123
161                android:value="com.google.firebase.components.ComponentRegistrar" />
161-->[:firebase_core] AndroidManifest.xml:11:17-82
162        </service>
163
164        <activity
164-->[com.google.firebase:firebase-auth:19.2.0] AndroidManifest.xml:24:9-31:50
165            android:name="com.google.firebase.auth.internal.FederatedSignInActivity"
165-->[com.google.firebase:firebase-auth:19.2.0] AndroidManifest.xml:25:13-85
166            android:excludeFromRecents="true"
166-->[com.google.firebase:firebase-auth:19.2.0] AndroidManifest.xml:26:13-46
167            android:exported="true"
167-->[com.google.firebase:firebase-auth:19.2.0] AndroidManifest.xml:27:13-36
168            android:launchMode="singleTask"
168-->[com.google.firebase:firebase-auth:19.2.0] AndroidManifest.xml:28:13-44
169            android:permission="com.google.firebase.auth.api.gms.permission.LAUNCH_FEDERATED_SIGN_IN"
169-->[com.google.firebase:firebase-auth:19.2.0] AndroidManifest.xml:29:13-102
170            android:theme="@android:style/Theme.Translucent.NoTitleBar" />
170-->[com.google.firebase:firebase-auth:19.2.0] AndroidManifest.xml:30:13-72
171        <activity android:name="com.facebook.CustomTabMainActivity" />
171-->[com.facebook.android:facebook-common:5.15.3] AndroidManifest.xml:34:9-71
171-->[com.facebook.android:facebook-common:5.15.3] AndroidManifest.xml:34:19-68
172        <activity
172-->[com.journeyapps:zxing-android-embedded:4.0.2] AndroidManifest.xml:47:9-53:63
173            android:name="com.journeyapps.barcodescanner.CaptureActivity"
173-->[com.journeyapps:zxing-android-embedded:4.0.2] AndroidManifest.xml:48:13-74
174            android:clearTaskOnLaunch="true"
174-->[com.journeyapps:zxing-android-embedded:4.0.2] AndroidManifest.xml:49:13-45
175            android:screenOrientation="sensorLandscape"
175-->[com.journeyapps:zxing-android-embedded:4.0.2] AndroidManifest.xml:50:13-56
176            android:stateNotNeeded="true"
176-->[com.journeyapps:zxing-android-embedded:4.0.2] AndroidManifest.xml:51:13-42
177            android:theme="@style/zxing_CaptureTheme"
177-->[com.journeyapps:zxing-android-embedded:4.0.2] AndroidManifest.xml:52:13-54
178            android:windowSoftInputMode="stateAlwaysHidden" />
178-->[com.journeyapps:zxing-android-embedded:4.0.2] AndroidManifest.xml:53:13-60
179
180        <provider
180-->[:image_picker] AndroidManifest.xml:11:9-19:20
181            android:name="io.flutter.plugins.imagepicker.ImagePickerFileProvider"
181-->[:image_picker] AndroidManifest.xml:12:13-82
182            android:authorities="com.example.selendra_marketplace_app.flutter.image_provider"
182-->[:image_picker] AndroidManifest.xml:13:13-74
183            android:exported="false"
183-->[:image_picker] AndroidManifest.xml:14:13-37
184            android:grantUriPermissions="true" >
184-->[:image_picker] AndroidManifest.xml:15:13-47
185            <meta-data
185-->[com.sangcomz:FishBun:0.11.2] AndroidManifest.xml:17:13-19:58
186                android:name="android.support.FILE_PROVIDER_PATHS"
186-->[com.sangcomz:FishBun:0.11.2] AndroidManifest.xml:18:17-67
187                android:resource="@xml/flutter_image_picker_file_paths" />
187-->[com.sangcomz:FishBun:0.11.2] AndroidManifest.xml:19:17-55
188        </provider>
189        <!--
190         The initialization ContentProvider will call FacebookSdk.sdkInitialize automatically
191         with the application context. This config is merged in with the host app's manifest,
192         but there can only be one provider with the same authority activated at any given
193         point; so if the end user has two or more different apps that use Facebook SDK, only the
194         first one will be able to use the provider. To work around this problem, we use the
195         following placeholder in the authority to identify each host application as if it was
196         a completely different provider.
197        -->
198        <provider
198-->[com.facebook.android:facebook-core:5.15.3] AndroidManifest.xml:39:9-42:40
199            android:name="com.facebook.internal.FacebookInitProvider"
199-->[com.facebook.android:facebook-core:5.15.3] AndroidManifest.xml:40:13-70
200            android:authorities="com.example.selendra_marketplace_app.FacebookInitProvider"
200-->[com.facebook.android:facebook-core:5.15.3] AndroidManifest.xml:41:13-72
201            android:exported="false" />
201-->[com.facebook.android:facebook-core:5.15.3] AndroidManifest.xml:42:13-37
202
203        <receiver
203-->[com.facebook.android:facebook-core:5.15.3] AndroidManifest.xml:44:9-50:20
204            android:name="com.facebook.CurrentAccessTokenExpirationBroadcastReceiver"
204-->[com.facebook.android:facebook-core:5.15.3] AndroidManifest.xml:45:13-86
205            android:exported="false" >
205-->[com.facebook.android:facebook-core:5.15.3] AndroidManifest.xml:46:13-37
206            <intent-filter>
206-->[com.facebook.android:facebook-core:5.15.3] AndroidManifest.xml:47:13-49:29
207                <action android:name="com.facebook.sdk.ACTION_CURRENT_ACCESS_TOKEN_CHANGED" />
207-->[com.facebook.android:facebook-core:5.15.3] AndroidManifest.xml:48:17-95
207-->[com.facebook.android:facebook-core:5.15.3] AndroidManifest.xml:48:25-92
208            </intent-filter>
209        </receiver>
210
211        <activity
211-->[com.google.android.gms:play-services-auth:16.0.1] AndroidManifest.xml:23:9-27:75
212            android:name="com.google.android.gms.auth.api.signin.internal.SignInHubActivity"
212-->[com.google.android.gms:play-services-auth:16.0.1] AndroidManifest.xml:24:13-93
213            android:excludeFromRecents="true"
213-->[com.google.android.gms:play-services-auth:16.0.1] AndroidManifest.xml:25:13-46
214            android:exported="false"
214-->[com.google.android.gms:play-services-auth:16.0.1] AndroidManifest.xml:26:13-37
215            android:theme="@android:style/Theme.Translucent.NoTitleBar" />
215-->[com.google.android.gms:play-services-auth:16.0.1] AndroidManifest.xml:27:13-72
216        <!--
217            Service handling Google Sign-In user revocation. For apps that do not integrate with
218            Google Sign-In, this service will never be started.
219        -->
220        <service
220-->[com.google.android.gms:play-services-auth:16.0.1] AndroidManifest.xml:33:9-36:110
221            android:name="com.google.android.gms.auth.api.signin.RevocationBoundService"
221-->[com.google.android.gms:play-services-auth:16.0.1] AndroidManifest.xml:34:13-89
222            android:exported="true"
222-->[com.google.android.gms:play-services-auth:16.0.1] AndroidManifest.xml:35:13-36
223            android:permission="com.google.android.gms.auth.api.signin.permission.REVOCATION_NOTIFICATION" />
223-->[com.google.android.gms:play-services-auth:16.0.1] AndroidManifest.xml:36:13-107
224
225        <activity
225-->[com.google.android.gms:play-services-base:17.2.1] AndroidManifest.xml:23:9-26:75
226            android:name="com.google.android.gms.common.api.GoogleApiActivity"
226-->[com.google.android.gms:play-services-base:17.2.1] AndroidManifest.xml:24:13-79
227            android:exported="false"
227-->[com.google.android.gms:play-services-base:17.2.1] AndroidManifest.xml:25:13-37
228            android:theme="@android:style/Theme.Translucent.NoTitleBar" />
228-->[com.google.android.gms:play-services-base:17.2.1] AndroidManifest.xml:26:13-72
229
230        <provider
230-->[com.google.firebase:firebase-common:19.3.0] AndroidManifest.xml:26:9-30:39
231            android:name="com.google.firebase.provider.FirebaseInitProvider"
231-->[com.google.firebase:firebase-common:19.3.0] AndroidManifest.xml:27:13-77
232            android:authorities="com.example.selendra_marketplace_app.firebaseinitprovider"
232-->[com.google.firebase:firebase-common:19.3.0] AndroidManifest.xml:28:13-72
233            android:exported="false"
233-->[com.google.firebase:firebase-common:19.3.0] AndroidManifest.xml:29:13-37
234            android:initOrder="100" />
234-->[com.google.firebase:firebase-common:19.3.0] AndroidManifest.xml:30:13-36
235
236        <meta-data
236-->[com.google.android.gms:play-services-basement:17.2.1] AndroidManifest.xml:23:9-25:69
237            android:name="com.google.android.gms.version"
237-->[com.google.android.gms:play-services-basement:17.2.1] AndroidManifest.xml:24:13-58
238            android:value="@integer/google_play_services_version" />
238-->[com.google.android.gms:play-services-basement:17.2.1] AndroidManifest.xml:25:13-66
239    </application>
240
241</manifest>